app/manifest-merger-release-report.txt
-- Merging decision tree log ---
manifest
ADDED from AndroidManifest.xml:1:1
	package
		ADDED from AndroidManifest.xml:2:11
		INJECTED from AndroidManifest.xml:0:0
		INJECTED from AndroidManifest.xml:0:0
	android:versionName
		INJECTED from AndroidManifest.xml:0:0
		INJECTED from AndroidManifest.xml:0:0
	xmlns:android
		ADDED from AndroidManifest.xml:1:11
	android:versionCode
		INJECTED from AndroidManifest.xml:0:0
		INJECTED from AndroidManifest.xml:0:0
application
ADDED from AndroidManifest.xml:4:5
MERGED from com.android.support:appcompat-v7:21.0.3:16:5
MERGED from com.android.support:support-v4:21.0.3:16:5
	android:label
		ADDED from AndroidManifest.xml:5:18
	android:allowBackup
		ADDED from AndroidManifest.xml:4:18
	android:icon
		ADDED from AndroidManifest.xml:6:18
	android:theme
		ADDED from AndroidManifest.xml:7:18
meta-data#xposedmodule
ADDED from AndroidManifest.xml:9:9
	android:value
		ADDED from AndroidManifest.xml:10:20
	android:name
		ADDED from AndroidManifest.xml:9:20
meta-data#xposeddescription
ADDED from AndroidManifest.xml:11:9
	android:value
		ADDED from AndroidManifest.xml:12:20
	android:name
		ADDED from AndroidManifest.xml:11:20
meta-data#xposedminversion
ADDED from AndroidManifest.xml:13:9
	android:value
		ADDED from AndroidManifest.xml:14:20
	android:name
		ADDED from AndroidManifest.xml:13:20
uses-sdk
INJECTED from AndroidManifest.xml:0:0 reason: use-sdk injection requested
MERGED from com.android.support:appcompat-v7:21.0.3:15:5
MERGED from com.android.support:support-v4:21.0.3:15:5
	android:targetSdkVersion
		INJECTED from AndroidManifest.xml:0:0
		INJECTED from AndroidManifest.xml:0:0
	android:minSdkVersion
		INJECTED from AndroidManifest.xml:0:0
		INJECTED from AndroidManifest.xml:0:0